<?xml version="1.0" encoding="UTF-8"?>
<!-- Generated by org.testng.reporters.JUnitReportReporter -->
<testsuite hostname="EPINPUNW0035" failures="0" tests="4" name="com.restapi.jira.JiraAPI" time="0.237" errors="0" timestamp="09 May 2019 07:32:49 GMT" skipped="0">
  <testcase classname="com.restapi.jira.JiraAPI" name="createBug" time="0.102"/>
  <testcase classname="com.restapi.jira.JiraAPI" name="addComment" time="0.053"/>
  <testcase classname="com.restapi.jira.JiraAPI" name="updateComment" time="0.043"/>
  <testcase classname="com.restapi.jira.JiraAPI" name="deleteComment" time="0.039"/>
</testsuite> <!-- com.restapi.jira.JiraAPI -->
