<?xml version="1.0" encoding="UTF-8"?>
<!-- Generated by org.testng.reporters.JUnitReportReporter -->
<testsuite hostname="EPINPUNW0035" failures="0" tests="2" name="com.restapi.testing.PostAPIWithDataProvider" time="1.674" errors="0" timestamp="24 May 2019 07:29:40 GMT" skipped="0">
  <testcase classname="com.restapi.testing.PostAPIWithDataProvider" name="validatePostApiJSON" time="1.573"/>
  <testcase classname="com.restapi.testing.PostAPIWithDataProvider" name="validatePostApiJSON" time="0.101"/>
</testsuite> <!-- com.restapi.testing.PostAPIWithDataProvider -->
