<?xml version="1.0" encoding="UTF-8"?>
<!-- Generated by org.testng.reporters.JUnitReportReporter -->
<testsuite hostname="EPINPUNW0035" failures="0" tests="2" name="com.restapi.testng.Timeout" time="0.821" errors="2" timestamp="30 May 2019 07:09:49 GMT" skipped="0">
  <testcase classname="com.restapi.testng.Timeout" name="timeTestOne" time="0.413">
    <error message="Method com.restapi.testng.Timeout.timeTestOne() didn&#039;t finish within the time-out 400" type="org.testng.internal.thread.ThreadTimeoutException">
      <![CDATA[org.testng.internal.thread.ThreadTimeoutException: Method com.restapi.testng.Timeout.timeTestOne() didn't finish within the time-out 400at java.base@11.0.1/java.util.concurrent.ConcurrentHashMap.get(ConcurrentHashMap.java:936)at java.base@11.0.1/java.lang.invoke.MethodType$ConcurrentWeakInternSet.get(MethodType.java:1289)at java.base@11.0.1/java.lang.invoke.MethodType.makeImpl(MethodType.java:299)at java.base@11.0.1/java.lang.invoke.MethodHandleNatives.findMethodHandleType(MethodHandleNatives.java:376)at java.base@11.0.1/java.util.concurrent.FutureTask.setException(FutureTask.java:247)at java.base@11.0.1/java.util.concurrent.FutureTask.run(FutureTask.java:269)at java.base@11.0.1/java.util.concurrent.ThreadPoolExecutor.runWorker(ThreadPoolExecutor.java:1128)at java.base@11.0.1/java.util.concurrent.ThreadPoolExecutor$Worker.run(ThreadPoolExecutor.java:628)at java.base@11.0.1/java.lang.Thread.run(Thread.java:834)]]>
    </error>
  </testcase> <!-- timeTestOne -->
  <testcase classname="com.restapi.testng.Timeout" name="timeTestTwo" time="0.408">
    <error message="Method com.restapi.testng.Timeout.timeTestTwo() didn&#039;t finish within the time-out 400" type="org.testng.internal.thread.ThreadTimeoutException">
      <![CDATA[org.testng.internal.thread.ThreadTimeoutException: Method com.restapi.testng.Timeout.timeTestTwo() didn't finish within the time-out 400at java.base@11.0.1/java.io.FileOutputStream.writeBytes(Native Method)at java.base@11.0.1/java.io.FileOutputStream.write(FileOutputStream.java:354)at java.base@11.0.1/java.io.BufferedOutputStream.flushBuffer(BufferedOutputStream.java:81)at java.base@11.0.1/java.io.BufferedOutputStream.flush(BufferedOutputStream.java:142)at java.base@11.0.1/java.io.PrintStream.write(PrintStream.java:561)at java.base@11.0.1/sun.nio.cs.StreamEncoder.writeBytes(StreamEncoder.java:233)at java.base@11.0.1/sun.nio.cs.StreamEncoder.implFlushBuffer(StreamEncoder.java:312)at java.base@11.0.1/sun.nio.cs.StreamEncoder.flushBuffer(StreamEncoder.java:104)at java.base@11.0.1/java.io.OutputStreamWriter.flushBuffer(OutputStreamWriter.java:184)at java.base@11.0.1/java.io.PrintStream.write(PrintStream.java:606)at java.base@11.0.1/java.io.PrintStream.print(PrintStream.java:745)at java.base@11.0.1/java.io.PrintStream.println(PrintStream.java:882)at app//com.restapi.testng.Timeout.timeTestTwo(Timeout.java:16)at java.base@11.0.1/jdk.internal.reflect.NativeMethodAccessorImpl.invoke0(Native Method)at java.base@11.0.1/jdk.internal.reflect.NativeMethodAccessorImpl.invoke(NativeMethodAccessorImpl.java:62)at java.base@11.0.1/jdk.internal.reflect.DelegatingMethodAccessorImpl.invoke(DelegatingMethodAccessorImpl.java:43)at java.base@11.0.1/java.lang.reflect.Method.invoke(Method.java:566)at app//org.testng.internal.MethodInvocationHelper.invokeMethod(MethodInvocationHelper.java:124)at app//org.testng.internal.InvokeMethodRunnable.runOne(InvokeMethodRunnable.java:54)at app//org.testng.internal.InvokeMethodRunnable.run(InvokeMethodRunnable.java:44)at java.base@11.0.1/java.util.concurrent.Executors$RunnableAdapter.call(Executors.java:515)at java.base@11.0.1/java.util.concurrent.FutureTask.run(FutureTask.java:264)at java.base@11.0.1/java.util.concurrent.ThreadPoolExecutor.runWorker(ThreadPoolExecutor.java:1128)at java.base@11.0.1/java.util.concurrent.ThreadPoolExecutor$Worker.run(ThreadPoolExecutor.java:628)at java.base@11.0.1/java.lang.Thread.run(Thread.java:834)]]>
    </error>
  </testcase> <!-- timeTestTwo -->
</testsuite> <!-- com.restapi.testng.Timeout -->
