<?xml version="1.0" encoding="UTF-8"?>
<!-- Generated by org.testng.reporters.JUnitReportReporter -->
<testsuite hostname="EPINPUNW0035" failures="0" tests="2" name="com.restapi.testng.Annotations" time="0.009" errors="0" timestamp="29 May 2019 06:47:48 GMT" skipped="0">
  <testcase classname="com.restapi.testng.Annotations" name="test" time="0.006"/>
  <testcase classname="com.restapi.testng.Annotations" name="test2" time="0.003"/>
</testsuite> <!-- com.restapi.testng.Annotations -->
