<?xml version="1.0" encoding="UTF-8"?>
<!-- Generated by org.testng.reporters.JUnitReportReporter -->
<testsuite hostname="EPINPUNW0035" failures="0" tests="2" name="com.restapi.testng.DependsOnMethod" time="0.013" errors="0" timestamp="30 May 2019 06:32:39 GMT" skipped="1">
  <testcase classname="com.restapi.testng.DependsOnMethod" name="testAdd" time="0.013"/>
  <testcase classname="com.restapi.testng.DependsOnMethod" name="testDisabled">
    <skipped/>
  </testcase> <!-- testDisabled -->
</testsuite> <!-- com.restapi.testng.DependsOnMethod -->
