<?xml version="1.0" encoding="UTF-8"?>
<!-- Generated by org.testng.reporters.JUnitReportReporter -->
<testsuite hostname="EPINPUNW0035" failures="0" tests="3" name="com.restapi.testing.PostAPI" time="0.827" errors="0" timestamp="24 May 2019 07:29:40 GMT" skipped="0">
  <testcase classname="com.restapi.testing.PostAPI" name="validatePostApiJSON" time="0.471"/>
  <testcase classname="com.restapi.testing.PostAPI" name="validatePostApiXML" time="0.134"/>
  <testcase classname="com.restapi.testing.PostAPI" name="validateDeleteApi" time="0.222"/>
</testsuite> <!-- com.restapi.testing.PostAPI -->
