<?xml version="1.0" encoding="UTF-8"?>
<!-- Generated by org.testng.reporters.JUnitReportReporter -->
<testsuite hostname="EPINPUNW0035" failures="0" tests="1" name="com.restapi.realTime.TwitterAPI" time="2.268" errors="0" timestamp="18 Jun 2019 12:07:46 GMT" skipped="0">
  <testcase classname="com.restapi.realTime.TwitterAPI" name="getLatestTweet" time="2.268"/>
</testsuite> <!-- com.restapi.realTime.TwitterAPI -->
