<?xml version="1.0" encoding="UTF-8"?>
<!-- Generated by org.testng.reporters.JUnitReportReporter -->
<testsuite hostname="EPINPUNW0035" failures="0" tests="3" name="com.restapi.testing.PostAPI" time="0.303" errors="0" timestamp="24 May 2019 06:26:43 GMT" skipped="0">
  <testcase classname="com.restapi.testing.PostAPI" name="validatePostApiJSON" time="0.095"/>
  <testcase classname="com.restapi.testing.PostAPI" name="validatePostApiXML" time="0.133"/>
  <testcase classname="com.restapi.testing.PostAPI" name="validateDeleteApi" time="0.075"/>
</testsuite> <!-- com.restapi.testing.PostAPI -->
